$ bun test src/process/resource-check.test.ts test/e2e/fleet.e2e.ts
bun test v1.3.14 (0d9b296a)

test/e2e/fleet.e2e.ts.test.ts:
timestamp=2026-06-16T00:38:31.226Z level=INFO fiber=#5 message="Gateway run started" gateway:run=0ms runId=run-atlas transport=ws triggeredBy=fleet-control role=operator workflow=vibersyn-fleet-control service=smithers source=user userId=fleet-control resume=false connectionId=fleet-control:connection
timestamp=2026-06-16T00:38:31.228Z level=INFO fiber=#36 message="Gateway run started" gateway:run=1ms runId=run-bravo transport=ws triggeredBy=fleet-control role=operator workflow=vibersyn-fleet-control service=smithers source=user userId=fleet-control resume=false connectionId=fleet-control:connection
timestamp=2026-06-16T00:38:31.653Z level=INFO fiber=#447 message="getNodeOutput completed" runId=run-atlas durationMs=1.8432080000000042 nodeId=checkpoint status=produced iteration=0 rowBytes=60 service=smithers
timestamp=2026-06-16T00:38:31.654Z level=INFO fiber=#456 message="getNodeOutput completed" runId=run-bravo durationMs=0.6843749999999318 nodeId=checkpoint status=produced iteration=0 rowBytes=60 service=smithers
timestamp=2026-06-16T00:38:31.683Z level=INFO fiber=#478 message="Gateway run started" gateway:run=0ms runId=run-atlas transport=ws triggeredBy=fleet-control role=operator workflow=vibersyn-fleet-control service=smithers source=user userId=fleet-control resume=true connectionId=fleet-control:connection
timestamp=2026-06-16T00:38:31.686Z level=INFO fiber=#502 message="getNodeOutput completed" runId=run-atlas durationMs=1.5275420000000395 nodeId=complete errorCode=NodeNotFound status=error iteration=0 rowBytes=0 service=smithers
timestamp=2026-06-16T00:38:31.710Z level=INFO fiber=#510 message="getNodeOutput completed" runId=run-atlas durationMs=0.5102079999999205 nodeId=complete errorCode=NodeNotFound status=error iteration=0 rowBytes=0 service=smithers
timestamp=2026-06-16T00:38:31.731Z level=INFO fiber=#587 message="getNodeOutput completed" runId=run-atlas durationMs=0.13683300000002419 nodeId=complete errorCode=NodeNotFound status=error iteration=0 rowBytes=0 service=smithers
timestamp=2026-06-16T00:38:31.754Z level=INFO fiber=#668 message="getNodeOutput completed" runId=run-atlas durationMs=1.1036249999999654 nodeId=complete status=pending iteration=0 rowBytes=0 service=smithers
timestamp=2026-06-16T00:38:31.779Z level=INFO fiber=#679 message="getNodeOutput completed" runId=run-atlas durationMs=1.677833999999848 nodeId=complete status=pending iteration=0 rowBytes=0 service=smithers
timestamp=2026-06-16T00:38:31.801Z level=INFO fiber=#690 message="getNodeOutput completed" runId=run-atlas durationMs=1.52212499999996 nodeId=complete status=pending iteration=0 rowBytes=0 service=smithers
timestamp=2026-06-16T00:38:31.824Z level=INFO fiber=#701 message="getNodeOutput completed" runId=run-atlas durationMs=1.3015419999999267 nodeId=complete status=pending iteration=0 rowBytes=0 service=smithers
timestamp=2026-06-16T00:38:31.852Z level=INFO fiber=#712 message="getNodeOutput completed" runId=run-atlas durationMs=1.3198339999999007 nodeId=complete status=pending iteration=0 rowBytes=0 service=smithers
timestamp=2026-06-16T00:38:31.875Z level=INFO fiber=#734 message="getNodeOutput completed" runId=run-atlas durationMs=0.6712909999998828 nodeId=complete status=produced iteration=0 rowBytes=114 service=smithers
timestamp=2026-06-16T00:38:31.876Z level=INFO fiber=#740 message="getNodeOutput completed" runId=run-bravo durationMs=0.32266699999991033 nodeId=complete errorCode=NodeNotFound status=error iteration=0 rowBytes=0 service=smithers
timestamp=2026-06-16T00:38:31.878Z level=INFO fiber=#766 message="Gateway run started" gateway:run=0ms runId=run-bravo transport=ws triggeredBy=fleet-control role=operator workflow=vibersyn-fleet-control service=smithers source=user userId=fleet-control resume=true connectionId=fleet-control:connection
timestamp=2026-06-16T00:38:31.880Z level=INFO fiber=#790 message="getNodeOutput completed" runId=run-bravo durationMs=0.5713339999999789 nodeId=pause-ack errorCode=NodeNotFound status=error iteration=0 rowBytes=0 service=smithers
timestamp=2026-06-16T00:38:31.901Z level=INFO fiber=#850 message="getNodeOutput completed" runId=run-bravo durationMs=0.29037500000004 nodeId=pause-ack errorCode=NodeNotFound status=error iteration=0 rowBytes=0 service=smithers
timestamp=2026-06-16T00:38:31.924Z level=INFO fiber=#960 message="getNodeOutput completed" runId=run-bravo durationMs=0.5732499999999163 nodeId=pause-ack status=pending iteration=0 rowBytes=0 service=smithers
timestamp=2026-06-16T00:38:31.947Z level=INFO fiber=#1015 message="getNodeOutput completed" runId=run-bravo durationMs=1.0029159999999138 nodeId=pause-ack status=pending iteration=0 rowBytes=0 service=smithers
timestamp=2026-06-16T00:38:31.968Z level=INFO fiber=#1060 message="getNodeOutput completed" runId=run-bravo durationMs=0.5159170000001723 nodeId=pause-ack status=produced iteration=0 rowBytes=35 service=smithers
timestamp=2026-06-16T00:38:31.973Z level=INFO fiber=#1066 message="Gateway run completed" gateway:run=0ms runId=run-atlas status=finished workflow=vibersyn-fleet-control service=smithers source=user
timestamp=2026-06-16T00:38:32.182Z level=INFO fiber=#1107 message="Gateway run started" gateway:run=0ms runId=run-bravo transport=ws triggeredBy=fleet-control role=operator workflow=vibersyn-fleet-control service=smithers source=user userId=fleet-control resume=true connectionId=fleet-control:connection
timestamp=2026-06-16T00:38:32.185Z level=INFO fiber=#1131 message="getNodeOutput completed" runId=run-bravo durationMs=0.6463329999999132 nodeId=resume-ack errorCode=NodeNotFound status=error iteration=0 rowBytes=0 service=smithers
timestamp=2026-06-16T00:38:32.206Z level=INFO fiber=#1139 message="getNodeOutput completed" runId=run-bravo durationMs=0.26158299999997325 nodeId=resume-ack errorCode=NodeNotFound status=error iteration=0 rowBytes=0 service=smithers
timestamp=2026-06-16T00:38:32.228Z level=INFO fiber=#1264 message="getNodeOutput completed" runId=run-bravo durationMs=0.10062500000003638 nodeId=resume-ack errorCode=NodeNotFound status=error iteration=0 rowBytes=0 service=smithers
timestamp=2026-06-16T00:38:32.250Z level=INFO fiber=#1345 message="getNodeOutput completed" runId=run-bravo durationMs=0.716666000000032 nodeId=resume-ack status=pending iteration=0 rowBytes=0 service=smithers
timestamp=2026-06-16T00:38:32.272Z level=INFO fiber=#1408 message="getNodeOutput completed" runId=run-bravo durationMs=0.39816700000005767 nodeId=resume-ack status=produced iteration=0 rowBytes=36 service=smithers
timestamp=2026-06-16T00:38:32.462Z level=INFO fiber=#1425 message="Gateway run completed" gateway:run=0ms runId=run-bravo status=cancelled workflow=vibersyn-fleet-control service=smithers source=user
timestamp=2026-06-16T00:38:32.474Z level=INFO fiber=#1431 message="Gateway run started" gateway:run=0ms runId=run-fleet-001 transport=ws triggeredBy=fleet-initial role=operator workflow=vibersyn-fleet service=smithers source=user userId=fleet-initial resume=false connectionId=fleet-initial:connection
timestamp=2026-06-16T00:38:32.544Z level=INFO fiber=#1613 message="getNodeOutput completed" runId=run-fleet-001 durationMs=0.4207920000001195 nodeId=checkpoint status=produced iteration=0 rowBytes=58 service=smithers
timestamp=2026-06-16T00:38:32.758Z level=INFO fiber=#1643 message="getNodeOutput completed" runId=run-fleet-001 durationMs=0.7056250000000546 nodeId=checkpoint status=produced iteration=0 rowBytes=58 service=smithers
timestamp=2026-06-16T00:38:32.760Z level=INFO fiber=#1659 message="Gateway run started" gateway:run=0ms runId=run-fleet-001 transport=ws triggeredBy=fleet-recovered role=operator workflow=vibersyn-fleet service=smithers source=user userId=fleet-recovered resume=true connectionId=fleet-recovered:connection
timestamp=2026-06-16T00:38:32.761Z level=INFO fiber=#1683 message="getNodeOutput completed" runId=run-fleet-001 durationMs=0.6008339999998498 nodeId=complete errorCode=NodeNotFound status=error iteration=0 rowBytes=0 service=smithers
timestamp=2026-06-16T00:38:32.784Z level=INFO fiber=#1715 message="getNodeOutput completed" runId=run-fleet-001 durationMs=0.08416599999964092 nodeId=complete errorCode=NodeNotFound status=error iteration=0 rowBytes=0 service=smithers
timestamp=2026-06-16T00:38:32.805Z level=INFO fiber=#1845 message="getNodeOutput completed" runId=run-fleet-001 durationMs=0.5275000000001455 nodeId=complete status=pending iteration=0 rowBytes=0 service=smithers
timestamp=2026-06-16T00:38:32.826Z level=INFO fiber=#1856 message="getNodeOutput completed" runId=run-fleet-001 durationMs=0.9053330000001552 nodeId=complete status=pending iteration=0 rowBytes=0 service=smithers
timestamp=2026-06-16T00:38:32.849Z level=INFO fiber=#1930 message="getNodeOutput completed" runId=run-fleet-001 durationMs=0.5427910000003067 nodeId=complete status=produced iteration=0 rowBytes=93 service=smithers
timestamp=2026-06-16T00:38:33.037Z level=INFO fiber=#1932 message="Gateway run completed" gateway:run=0ms runId=run-fleet-001 status=finished workflow=vibersyn-fleet service=smithers source=user

 7 pass
 0 fail
 37 expect() calls
Ran 7 tests across 2 files. [2.38s]
