$ VIBERSYN_RBG_DISABLE_CHECKPOINTING=1 bun test src/process/lifecycle.test.ts test/e2e/fleet.e2e.ts
bun test v1.3.14 (0d9b296a)

src/process/lifecycle.test.ts:
187 |   }
188 | 
189 |   async recover(): Promise<ProcessSnapshot> {
190 |     const snapshot = await this.checkpoints.load(this.upid);
191 |     if (snapshot === null) {
192 |       throw new Error(`No durable checkpoint exists for ${this.upid}.`);
                      ^
error: No durable checkpoint exists for upid-recover.
      at recover (/Users/williamcory/vibecode-room/.smithers/workflows/.smithers/wt/process-registry-lifecycle-fleet/src/process/lifecycle.ts:192:17)
      at async <anonymous> (/Users/williamcory/vibecode-room/.smithers/workflows/.smithers/wt/process-registry-lifecycle-fleet/src/process/lifecycle.test.ts:78:42)
(fail) process lifecycle > AC15.3 recovery reloads exactly the last durable checkpoint [0.29ms]

test/e2e/fleet.e2e.ts.test.ts:
timestamp=2026-06-16T00:27:42.956Z level=INFO fiber=#5 message="Gateway run started" gateway:run=0ms runId=run-atlas transport=ws triggeredBy=fleet-control role=operator workflow=vibersyn-fleet-control service=smithers source=user userId=fleet-control resume=false connectionId=fleet-control:connection
timestamp=2026-06-16T00:27:42.958Z level=INFO fiber=#36 message="Gateway run started" gateway:run=1ms runId=run-bravo transport=ws triggeredBy=fleet-control role=operator workflow=vibersyn-fleet-control service=smithers source=user userId=fleet-control resume=false connectionId=fleet-control:connection
timestamp=2026-06-16T00:27:43.209Z level=INFO fiber=#433 message="getNodeOutput completed" runId=run-atlas durationMs=1.3830419999999322 nodeId=checkpoint status=produced iteration=0 rowBytes=60 service=smithers
timestamp=2026-06-16T00:27:43.210Z level=INFO fiber=#442 message="getNodeOutput completed" runId=run-bravo durationMs=0.5197499999999309 nodeId=checkpoint status=produced iteration=0 rowBytes=60 service=smithers
timestamp=2026-06-16T00:27:43.269Z level=INFO fiber=#464 message="Gateway run started" gateway:run=0ms runId=run-atlas transport=ws triggeredBy=fleet-control role=operator workflow=vibersyn-fleet-control service=smithers source=user userId=fleet-control resume=true connectionId=fleet-control:connection
timestamp=2026-06-16T00:27:43.271Z level=INFO fiber=#488 message="getNodeOutput completed" runId=run-atlas durationMs=1.233333000000016 nodeId=complete errorCode=NodeNotFound status=error iteration=0 rowBytes=0 service=smithers
timestamp=2026-06-16T00:27:43.295Z level=INFO fiber=#520 message="getNodeOutput completed" runId=run-atlas durationMs=0.10362499999996544 nodeId=complete errorCode=NodeNotFound status=error iteration=0 rowBytes=0 service=smithers
timestamp=2026-06-16T00:27:43.316Z level=INFO fiber=#638 message="getNodeOutput completed" runId=run-atlas durationMs=0.6049580000000105 nodeId=complete status=pending iteration=0 rowBytes=0 service=smithers
timestamp=2026-06-16T00:27:43.338Z level=INFO fiber=#672 message="getNodeOutput completed" runId=run-atlas durationMs=0.5449999999999591 nodeId=complete status=produced iteration=0 rowBytes=114 service=smithers
timestamp=2026-06-16T00:27:43.338Z level=INFO fiber=#678 message="getNodeOutput completed" runId=run-bravo durationMs=0.26237500000002 nodeId=complete errorCode=NodeNotFound status=error iteration=0 rowBytes=0 service=smithers
timestamp=2026-06-16T00:27:43.340Z level=INFO fiber=#704 message="Gateway run started" gateway:run=0ms runId=run-bravo transport=ws triggeredBy=fleet-control role=operator workflow=vibersyn-fleet-control service=smithers source=user userId=fleet-control resume=true connectionId=fleet-control:connection
timestamp=2026-06-16T00:27:43.342Z level=INFO fiber=#728 message="getNodeOutput completed" runId=run-bravo durationMs=0.4352079999999887 nodeId=pause-ack errorCode=NodeNotFound status=error iteration=0 rowBytes=0 service=smithers
timestamp=2026-06-16T00:27:43.363Z level=INFO fiber=#812 message="getNodeOutput completed" runId=run-bravo durationMs=0.09266700000000583 nodeId=pause-ack errorCode=NodeNotFound status=error iteration=0 rowBytes=0 service=smithers
timestamp=2026-06-16T00:27:43.384Z level=INFO fiber=#942 message="getNodeOutput completed" runId=run-bravo durationMs=0.7030839999999898 nodeId=pause-ack status=pending iteration=0 rowBytes=0 service=smithers
timestamp=2026-06-16T00:27:43.406Z level=INFO fiber=#987 message="getNodeOutput completed" runId=run-bravo durationMs=0.46537499999999454 nodeId=pause-ack status=produced iteration=0 rowBytes=35 service=smithers
timestamp=2026-06-16T00:27:43.547Z level=INFO fiber=#1025 message="Gateway run completed" gateway:run=0ms runId=run-atlas status=finished workflow=vibersyn-fleet-control service=smithers source=user
timestamp=2026-06-16T00:27:43.622Z level=INFO fiber=#1034 message="Gateway run started" gateway:run=0ms runId=run-bravo transport=ws triggeredBy=fleet-control role=operator workflow=vibersyn-fleet-control service=smithers source=user userId=fleet-control resume=true connectionId=fleet-control:connection
timestamp=2026-06-16T00:27:43.624Z level=INFO fiber=#1058 message="getNodeOutput completed" runId=run-bravo durationMs=0.588457999999946 nodeId=resume-ack errorCode=NodeNotFound status=error iteration=0 rowBytes=0 service=smithers
timestamp=2026-06-16T00:27:43.646Z level=INFO fiber=#1090 message="getNodeOutput completed" runId=run-bravo durationMs=0.09745900000007168 nodeId=resume-ack errorCode=NodeNotFound status=error iteration=0 rowBytes=0 service=smithers
timestamp=2026-06-16T00:27:43.668Z level=INFO fiber=#1234 message="getNodeOutput completed" runId=run-bravo durationMs=0.4930829999998423 nodeId=resume-ack status=pending iteration=0 rowBytes=0 service=smithers
timestamp=2026-06-16T00:27:43.689Z level=INFO fiber=#1279 message="getNodeOutput completed" runId=run-bravo durationMs=1.012042000000065 nodeId=resume-ack status=pending iteration=0 rowBytes=0 service=smithers
timestamp=2026-06-16T00:27:43.712Z level=INFO fiber=#1353 message="getNodeOutput completed" runId=run-bravo durationMs=0.7940419999999904 nodeId=resume-ack status=produced iteration=0 rowBytes=36 service=smithers
timestamp=2026-06-16T00:27:43.899Z level=INFO fiber=#1355 message="Gateway run completed" gateway:run=0ms runId=run-bravo status=finished workflow=vibersyn-fleet-control service=smithers source=user
timestamp=2026-06-16T00:27:43.938Z level=INFO fiber=#1361 message="Gateway run started" gateway:run=0ms runId=run-fleet-001 transport=ws triggeredBy=fleet-initial role=operator workflow=vibersyn-fleet service=smithers source=user userId=fleet-initial resume=false connectionId=fleet-initial:connection
timestamp=2026-06-16T00:27:44.005Z level=INFO fiber=#1543 message="getNodeOutput completed" runId=run-fleet-001 durationMs=0.4170419999998103 nodeId=checkpoint status=produced iteration=0 rowBytes=58 service=smithers
243 |       sessionId: "fleet-recovery-restarted",
244 |     });
245 | 
246 |     try {
247 |       const run = await rpc(recoveredGateway, recoveredConnection, "getRun", { runId: "run-fleet-001" });
248 |       expect(run.ok).toBe(true);
                           ^
error: expect(received).toBe(expected)

Expected: true
Received: false

      at <anonymous> (/Users/williamcory/vibecode-room/.smithers/workflows/.smithers/wt/process-registry-lifecycle-fleet/test/e2e/fleet.e2e.ts:248:22)
(fail) seam durability recovery e2e > backend restart recovers an in-flight durable run from its last checkpoint [305.16ms]
316 |     await registry.pause("upid-bravo", "corr-bravo-pause");
317 | 
318 |     expect(registry.records().find((record) => record.upid === "upid-atlas")).toEqual(
319 |       expect.objectContaining({ state: "planning", progressSeq: 1 }),
320 |     );
321 |     expect(registry.records().find((record) => record.upid === "upid-bravo")).toEqual(
                                                                                    ^
error: expect(received).toEqual(expected)

@@ -1,2 +1,2 @@
- ObjectContaining 
  {
@@ -8,3 +8,3 @@
    "state": "paused",
-   "updatedAtMs": 1781569664233,
+   "updatedAtMs": 1781569664234,
    "upid": "upid-bravo",

- Expected  - 2
+ Received  + 1

      at <anonymous> (/Users/williamcory/vibecode-room/.smithers/workflows/.smithers/wt/process-registry-lifecycle-fleet/test/e2e/fleet.e2e.ts:321:79)
(fail) process registry fleet e2e > voice fleet script steers Atlas, pauses Bravo, leaves unselected processes advancing, and refuses a third spawn [1.87ms]

 4 pass
 3 fail
 29 expect() calls
Ran 7 tests across 2 files. [1.81s]
exit=1
