bun test v1.3.14 (0d9b296a)

test/e2e/board.e2e.ts.test.ts:
93 | }
94 | 
95 | export async function runBoardIndependentVoiceFlow(options: { boardUrl?: string; requireBoard?: boolean } = {}) {
96 |   if (options.requireBoard ?? process.env.VIBERSYN_RBG_REQUIRE_BOARD === "1") {
97 |     if (options.boardUrl === undefined) {
98 |       throw new Error("voice flow incorrectly waited for the optional board");
                     ^
error: voice flow incorrectly waited for the optional board
      at runBoardIndependentVoiceFlow (/Users/williamcory/vibecode-room/.smithers/workflows/.smithers/wt/observability-trace-and-board/src/obs/board.ts:98:17)
      at <anonymous> (/Users/williamcory/vibecode-room/.smithers/workflows/.smithers/wt/observability-trace-and-board/test/e2e/board.e2e.ts:7:26)
(fail) REQ-16 board e2e > board-non-authoritative: canonical voice flow passes when board server is down [0.88ms]
 95 | export async function runBoardIndependentVoiceFlow(options: { boardUrl?: string; requireBoard?: boolean } = {}) {
 96 |   if (options.requireBoard ?? process.env.VIBERSYN_RBG_REQUIRE_BOARD === "1") {
 97 |     if (options.boardUrl === undefined) {
 98 |       throw new Error("voice flow incorrectly waited for the optional board");
 99 |     }
100 |     await fetch(options.boardUrl, { signal: AbortSignal.timeout(100) });
                ^
error: Was there a typo in the url or port?
  path: "http://127.0.0.1:0/unused",
 errno: 0,
  code: "FailedToOpenSocket"

      at async runBoardIndependentVoiceFlow (/Users/williamcory/vibecode-room/.smithers/workflows/.smithers/wt/observability-trace-and-board/src/obs/board.ts:100:11)
      at async <anonymous> (/Users/williamcory/vibecode-room/.smithers/workflows/.smithers/wt/observability-trace-and-board/test/e2e/board.e2e.ts:20:24)
(fail) REQ-16 board e2e > with board up, persisted traces alone reconstruct the live loop [0.98ms]

 0 pass
 2 fail
Ran 2 tests across 1 file. [46.00ms]
EXIT_CODE:1
