bun test v1.3.14 (0d9b296a)

src/routing/steering-window.test.ts:
194 |     nowMs,
195 |   };
196 | }
197 | 
198 | function expectRoutedTo(decision: SteeringDecision, upid: string, instruction: string): void {
199 |   expect(decision).toEqual(
                         ^
error: expect(received).toEqual(expected)

- ObjectContaining 
  {
-   "ackId": "route-steer",
-   "instruction": "make it faster",
-   "kind": "routed",
-   "targetUPID": "upid-atlas",
+   "ackId": "route-declined",
+   "addressed": true,
+   "kind": "pass",
+   "reason": "empty",
+   "traceEvents": [
+     {
+       "correlationId": "corr-utt-one-breath",
+       "event": "route.pass",
+       "level": "warn",
+       "meta": {
+         "ackKind": "route-declined",
+         "reason": "empty",
+         "utteranceId": "utt-one-breath",
+         "windowId": "steer-upid-atlas-1",
+       },
+       "sessionId": "session-steering",
+       "upid": "upid-atlas",
+     },
+   ],
+   "window": {
+     "callsign": "Atlas",
+     "lastMicActivityAtMs": 3000,
+     "lastUtteranceId": "utt-one-breath",
+     "openedAtMs": 3000,
+     "targetUPID": "upid-atlas",
+     "windowId": "steer-upid-atlas-1",
+   },
  }

- Expected  - 5
+ Received  + 27

      at expectRoutedTo (/Users/williamcory/vibecode-room/.smithers/workflows/.smithers/wt/steering-window-lifecycle/src/routing/steering-window.test.ts:199:20)
      at <anonymous> (/Users/williamcory/vibecode-room/.smithers/workflows/.smithers/wt/steering-window-lifecycle/src/routing/steering-window.test.ts:50:5)
(fail) REQ-6 steering-window lifecycle > AC6.5 one-breath callsign plus instruction opens the window and routes the instruction in one utterance [1.32ms]

 0 pass
 11 filtered out
 1 fail
 1 expect() calls
Ran 1 test across 1 file. [10.00ms]
