bun test v1.3.14 (0d9b296a)

src/routing/steering-window.test.ts:
194 |     nowMs,
195 |   };
196 | }
197 | 
198 | function expectRoutedTo(decision: SteeringDecision, upid: string, instruction: string): void {
199 |   expect(decision).toEqual(
                         ^
error: expect(received).toEqual(expected)

- ObjectContaining 
  {
    "ackId": "route-steer",
+   "callsign": "Atlas",
    "instruction": "make the nav compact",
    "kind": "routed",
-   "targetUPID": "upid-atlas",
+   "opened": true,
+   "targetUPID": "upid-bravo",
+   "traceEvents": [
+     {
+       "correlationId": "corr-utt-atlas",
+       "event": "steering.window.open",
+       "level": "info",
+       "meta": {
+         "callsign": "Atlas",
+         "utteranceId": "utt-atlas",
+         "windowId": "steer-upid-atlas-1",
+       },
+       "sessionId": "session-steering",
+       "upid": "upid-atlas",
+     },
+     {
+       "correlationId": "corr-utt-atlas",
+       "event": "route.steer",
+       "level": "info",
+       "meta": {
+         "ackKind": "route-steer",
+         "instruction": "make the nav compact",
+         "selectedUPID": "upid-atlas",
+         "targetUPID": "upid-bravo",
+         "utteranceId": "utt-atlas",
+         "windowId": "steer-upid-atlas-1",
+       },
+       "sessionId": "session-steering",
+       "upid": "upid-bravo",
+     },
+     {
+       "correlationId": "corr-utt-atlas",
+       "event": "ack.emit",
+       "level": "info",
+       "meta": {
+         "ackId": "route-steer",
+         "route": "steer",
+         "utteranceId": "utt-atlas",
+         "windowId": "steer-upid-atlas-1",
+       },
+       "sessionId": "session-steering",
+       "upid": "upid-bravo",
+     },
+   ],
+   "window": {
+     "callsign": "Atlas",
+     "lastMicActivityAtMs": 12000,
+     "lastUtteranceId": "utt-atlas",
+     "openedAtMs": 12000,
+     "targetUPID": "upid-bravo",
+     "windowId": "steer-upid-atlas-1",
+   },
  }

- Expected  - 2
+ Received  + 53

      at expectRoutedTo (/Users/williamcory/vibecode-room/.smithers/workflows/.smithers/wt/steering-window-lifecycle/src/routing/steering-window.test.ts:199:20)
      at <anonymous> (/Users/williamcory/vibecode-room/.smithers/workflows/.smithers/wt/steering-window-lifecycle/src/routing/steering-window.test.ts:141:5)
(fail) REQ-8 selected-process steering > AC8.2 steering one selected process never affects a sibling process [1.17ms]

 0 pass
 11 filtered out
 1 fail
 1 expect() calls
Ran 1 test across 1 file. [9.00ms]
