bun test v1.3.14 (0d9b296a)

test/e2e/fleet.e2e.ts.test.ts:
timestamp=2026-06-15T01:11:28.718Z level=INFO fiber=#5 message="Gateway run started" gateway:run=1ms runId=run-atlas transport=ws triggeredBy=fleet-control role=operator workflow=vibersyn-fleet-control service=smithers source=user userId=fleet-control resume=false connectionId=fleet-control:connection
timestamp=2026-06-15T01:11:28.718Z level=INFO fiber=#35 message="Gateway run started" gateway:run=0ms runId=run-bravo transport=ws triggeredBy=fleet-control role=operator workflow=vibersyn-fleet-control service=smithers source=user userId=fleet-control resume=false connectionId=fleet-control:connection
timestamp=2026-06-15T01:11:28.923Z level=INFO fiber=#407 message="getNodeOutput completed" runId=run-atlas durationMs=1.353791000000001 nodeId=checkpoint status=produced iteration=0 rowBytes=60 service=smithers
timestamp=2026-06-15T01:11:28.923Z level=INFO fiber=#416 message="getNodeOutput completed" runId=run-bravo durationMs=0.4706250000000409 nodeId=checkpoint status=produced iteration=0 rowBytes=60 service=smithers
timestamp=2026-06-15T01:11:29.009Z level=INFO fiber=#438 message="Gateway run started" gateway:run=0ms runId=run-atlas transport=ws triggeredBy=fleet-control role=operator workflow=vibersyn-fleet-control service=smithers source=user userId=fleet-control resume=true connectionId=fleet-control:connection
timestamp=2026-06-15T01:11:29.012Z level=INFO fiber=#462 message="getNodeOutput completed" runId=run-atlas durationMs=1.4847500000000764 nodeId=complete errorCode=NodeNotFound status=error iteration=0 rowBytes=0 service=smithers
timestamp=2026-06-15T01:11:29.035Z level=INFO fiber=#570 message="getNodeOutput completed" runId=run-atlas durationMs=0.6059999999999945 nodeId=complete status=pending iteration=0 rowBytes=0 service=smithers
timestamp=2026-06-15T01:11:29.057Z level=INFO fiber=#668 message="getNodeOutput completed" runId=run-atlas durationMs=0.5610830000000533 nodeId=complete status=produced iteration=0 rowBytes=114 service=smithers
timestamp=2026-06-15T01:11:29.058Z level=INFO fiber=#674 message="getNodeOutput completed" runId=run-bravo durationMs=0.2836659999999256 nodeId=complete errorCode=NodeNotFound status=error iteration=0 rowBytes=0 service=smithers
timestamp=2026-06-15T01:11:29.059Z level=INFO fiber=#686 message="Gateway run started" gateway:run=0ms runId=run-bravo transport=ws triggeredBy=fleet-control role=operator workflow=vibersyn-fleet-control service=smithers source=user userId=fleet-control resume=true connectionId=fleet-control:connection
timestamp=2026-06-15T01:11:29.338Z level=INFO fiber=#807 message="Gateway run started" gateway:run=0ms runId=run-bravo transport=ws triggeredBy=fleet-control role=operator workflow=vibersyn-fleet-control service=smithers source=user userId=fleet-control resume=true connectionId=fleet-control:connection
timestamp=2026-06-15T01:11:29.375Z level=INFO fiber=#874 message="Gateway run completed" gateway:run=0ms runId=run-bravo status=cancelled workflow=vibersyn-fleet-control service=smithers source=user

 1 pass
 1 filtered out
 0 fail
 5 expect() calls
Ran 1 test across 1 file. [1166.00ms]
exit=0
