bun test v1.3.14 (0d9b296a)

test/e2e/fleet.e2e.ts.test.ts:
timestamp=2026-06-15T00:50:57.642Z level=INFO fiber=#5 message="Gateway run started" gateway:run=0ms runId=run-fleet-001 transport=ws triggeredBy=fleet-initial role=operator workflow=panopticon-fleet service=smithers source=user userId=fleet-initial resume=false connectionId=fleet-initial:connection
timestamp=2026-06-15T00:50:57.861Z level=INFO fiber=#257 message="getNodeOutput completed" runId=run-fleet-001 durationMs=1.5544170000000577 nodeId=checkpoint status=produced iteration=0 rowBytes=58 service=smithers
53 |     recoveredGateway.connections.add(recoveredConnection as any);
54 |     recoveredGateway.register("panopticon-fleet", recovered.workflow as any);
55 | 
56 |     try {
57 |       const run = await rpc(recoveredGateway, recoveredConnection, "getRun", { runId: "run-fleet-001" });
58 |       expect(run.ok).toBe(true);
                          ^
error: expect(received).toBe(expected)

Expected: true
Received: false

      at <anonymous> (/Users/williamcory/vibecode-room/.smithers/workflows/.smithers/wt/cue-smithers-seam-dispatcher/test/e2e/fleet.e2e.ts:58:22)
(fail) seam durability recovery e2e > backend restart recovers an in-flight durable run from its last checkpoint [324.58ms]

 0 pass
 1 fail
 3 expect() calls
Ran 1 test across 1 file. [805.00ms]

exit_code=1
