bun test v1.3.14 (0d9b296a)

test/e2e/fleet.e2e.ts.test.ts:
timestamp=2026-06-15T01:11:20.575Z level=INFO fiber=#5 message="Gateway run started" gateway:run=0ms runId=run-atlas transport=ws triggeredBy=fleet-control role=operator workflow=panopticon-fleet-control service=smithers source=user userId=fleet-control resume=false connectionId=fleet-control:connection
timestamp=2026-06-15T01:11:20.576Z level=INFO fiber=#35 message="Gateway run started" gateway:run=0ms runId=run-bravo transport=ws triggeredBy=fleet-control role=operator workflow=panopticon-fleet-control service=smithers source=user userId=fleet-control resume=false connectionId=fleet-control:connection
timestamp=2026-06-15T01:11:20.789Z level=INFO fiber=#407 message="getNodeOutput completed" runId=run-atlas durationMs=1.2371249999999918 nodeId=checkpoint status=produced iteration=0 rowBytes=60 service=smithers
timestamp=2026-06-15T01:11:20.790Z level=INFO fiber=#416 message="getNodeOutput completed" runId=run-bravo durationMs=0.47974999999996726 nodeId=checkpoint status=produced iteration=0 rowBytes=60 service=smithers
timestamp=2026-06-15T01:11:20.790Z level=INFO fiber=#420 message="getNodeOutput completed" runId=run-atlas durationMs=0.3489160000000311 nodeId=complete errorCode=NodeNotFound status=error iteration=0 rowBytes=0 service=smithers
timestamp=2026-06-15T01:11:20.815Z level=INFO fiber=#424 message="getNodeOutput completed" runId=run-atlas durationMs=0.27062499999999545 nodeId=complete errorCode=NodeNotFound status=error iteration=0 rowBytes=0 service=smithers
timestamp=2026-06-15T01:11:20.837Z level=INFO fiber=#428 message="getNodeOutput completed" runId=run-atlas durationMs=0.22233300000004874 nodeId=complete errorCode=NodeNotFound status=error iteration=0 rowBytes=0 service=smithers
timestamp=2026-06-15T01:11:20.858Z level=INFO fiber=#442 message="getNodeOutput completed" runId=run-atlas durationMs=0.45366599999999835 nodeId=complete errorCode=NodeNotFound status=error iteration=0 rowBytes=0 service=smithers
timestamp=2026-06-15T01:11:20.881Z level=INFO fiber=#448 message="getNodeOutput completed" runId=run-atlas durationMs=0.34866599999998016 nodeId=complete errorCode=NodeNotFound status=error iteration=0 rowBytes=0 service=smithers
timestamp=2026-06-15T01:11:20.904Z level=INFO fiber=#454 message="getNodeOutput completed" runId=run-atlas durationMs=0.40650000000005093 nodeId=complete errorCode=NodeNotFound status=error iteration=0 rowBytes=0 service=smithers
timestamp=2026-06-15T01:11:20.930Z level=INFO fiber=#460 message="getNodeOutput completed" runId=run-atlas durationMs=1.5582500000000437 nodeId=complete errorCode=NodeNotFound status=error iteration=0 rowBytes=0 service=smithers
timestamp=2026-06-15T01:11:20.956Z level=INFO fiber=#466 message="getNodeOutput completed" runId=run-atlas durationMs=1.693125000000009 nodeId=complete errorCode=NodeNotFound status=error iteration=0 rowBytes=0 service=smithers
timestamp=2026-06-15T01:11:20.980Z level=INFO fiber=#472 message="getNodeOutput completed" runId=run-atlas durationMs=0.8116250000000491 nodeId=complete errorCode=NodeNotFound status=error iteration=0 rowBytes=0 service=smithers
timestamp=2026-06-15T01:11:21.005Z level=INFO fiber=#478 message="getNodeOutput completed" runId=run-atlas durationMs=1.284667000000013 nodeId=complete errorCode=NodeNotFound status=error iteration=0 rowBytes=0 service=smithers
timestamp=2026-06-15T01:11:21.032Z level=INFO fiber=#484 message="getNodeOutput completed" runId=run-atlas durationMs=1.4393330000000333 nodeId=complete errorCode=NodeNotFound status=error iteration=0 rowBytes=0 service=smithers
timestamp=2026-06-15T01:11:21.061Z level=INFO fiber=#490 message="getNodeOutput completed" runId=run-atlas durationMs=1.2203329999999823 nodeId=complete errorCode=NodeNotFound status=error iteration=0 rowBytes=0 service=smithers
timestamp=2026-06-15T01:11:21.087Z level=INFO fiber=#496 message="getNodeOutput completed" runId=run-atlas durationMs=1.3090829999998732 nodeId=complete errorCode=NodeNotFound status=error iteration=0 rowBytes=0 service=smithers
timestamp=2026-06-15T01:11:21.114Z level=INFO fiber=#502 message="getNodeOutput completed" runId=run-atlas durationMs=1.6833339999998316 nodeId=complete errorCode=NodeNotFound status=error iteration=0 rowBytes=0 service=smithers
timestamp=2026-06-15T01:11:21.143Z level=INFO fiber=#508 message="getNodeOutput completed" runId=run-atlas durationMs=1.6739579999998568 nodeId=complete errorCode=NodeNotFound status=error iteration=0 rowBytes=0 service=smithers
timestamp=2026-06-15T01:11:21.167Z level=INFO fiber=#514 message="getNodeOutput completed" runId=run-atlas durationMs=1.4434579999999642 nodeId=complete errorCode=NodeNotFound status=error iteration=0 rowBytes=0 service=smithers
timestamp=2026-06-15T01:11:21.193Z level=INFO fiber=#520 message="getNodeOutput completed" runId=run-atlas durationMs=1.5480840000000171 nodeId=complete errorCode=NodeNotFound status=error iteration=0 rowBytes=0 service=smithers
timestamp=2026-06-15T01:11:21.221Z level=INFO fiber=#526 message="getNodeOutput completed" runId=run-atlas durationMs=1.7254170000001068 nodeId=complete errorCode=NodeNotFound status=error iteration=0 rowBytes=0 service=smithers
timestamp=2026-06-15T01:11:21.270Z level=INFO fiber=#532 message="getNodeOutput completed" runId=run-atlas durationMs=23.05899999999997 nodeId=complete errorCode=NodeNotFound status=error iteration=0 rowBytes=0 service=smithers
timestamp=2026-06-15T01:11:21.295Z level=INFO fiber=#538 message="getNodeOutput completed" runId=run-atlas durationMs=1.970209000000068 nodeId=complete errorCode=NodeNotFound status=error iteration=0 rowBytes=0 service=smithers
timestamp=2026-06-15T01:11:21.324Z level=INFO fiber=#544 message="getNodeOutput completed" runId=run-atlas durationMs=1.1560839999999644 nodeId=complete errorCode=NodeNotFound status=error iteration=0 rowBytes=0 service=smithers
timestamp=2026-06-15T01:11:21.348Z level=INFO fiber=#550 message="getNodeOutput completed" runId=run-atlas durationMs=1.4622079999999187 nodeId=complete errorCode=NodeNotFound status=error iteration=0 rowBytes=0 service=smithers
timestamp=2026-06-15T01:11:21.374Z level=INFO fiber=#556 message="getNodeOutput completed" runId=run-atlas durationMs=1.6351250000000164 nodeId=complete errorCode=NodeNotFound status=error iteration=0 rowBytes=0 service=smithers
timestamp=2026-06-15T01:11:21.398Z level=INFO fiber=#562 message="getNodeOutput completed" runId=run-atlas durationMs=1.5107080000000224 nodeId=complete errorCode=NodeNotFound status=error iteration=0 rowBytes=0 service=smithers
timestamp=2026-06-15T01:11:21.422Z level=INFO fiber=#568 message="getNodeOutput completed" runId=run-atlas durationMs=1.6414999999999509 nodeId=complete errorCode=NodeNotFound status=error iteration=0 rowBytes=0 service=smithers
timestamp=2026-06-15T01:11:21.449Z level=INFO fiber=#574 message="getNodeOutput completed" runId=run-atlas durationMs=1.64912500000014 nodeId=complete errorCode=NodeNotFound status=error iteration=0 rowBytes=0 service=smithers
timestamp=2026-06-15T01:11:21.478Z level=INFO fiber=#580 message="getNodeOutput completed" runId=run-atlas durationMs=1.8521670000000086 nodeId=complete errorCode=NodeNotFound status=error iteration=0 rowBytes=0 service=smithers
timestamp=2026-06-15T01:11:21.505Z level=INFO fiber=#586 message="getNodeOutput completed" runId=run-atlas durationMs=1.5544170000000577 nodeId=complete errorCode=NodeNotFound status=error iteration=0 rowBytes=0 service=smithers
timestamp=2026-06-15T01:11:21.535Z level=INFO fiber=#592 message="getNodeOutput completed" runId=run-atlas durationMs=1.5667499999999563 nodeId=complete errorCode=NodeNotFound status=error iteration=0 rowBytes=0 service=smithers
timestamp=2026-06-15T01:11:21.558Z level=INFO fiber=#598 message="getNodeOutput completed" runId=run-atlas durationMs=1.5549579999999423 nodeId=complete errorCode=NodeNotFound status=error iteration=0 rowBytes=0 service=smithers
timestamp=2026-06-15T01:11:21.585Z level=INFO fiber=#604 message="getNodeOutput completed" runId=run-atlas durationMs=1.7758329999999205 nodeId=complete errorCode=NodeNotFound status=error iteration=0 rowBytes=0 service=smithers
timestamp=2026-06-15T01:11:21.612Z level=INFO fiber=#610 message="getNodeOutput completed" runId=run-atlas durationMs=1.6610829999999623 nodeId=complete errorCode=NodeNotFound status=error iteration=0 rowBytes=0 service=smithers
timestamp=2026-06-15T01:11:21.640Z level=INFO fiber=#616 message="getNodeOutput completed" runId=run-atlas durationMs=1.7245410000000447 nodeId=complete errorCode=NodeNotFound status=error iteration=0 rowBytes=0 service=smithers
timestamp=2026-06-15T01:11:21.667Z level=INFO fiber=#622 message="getNodeOutput completed" runId=run-atlas durationMs=1.6345420000000104 nodeId=complete errorCode=NodeNotFound status=error iteration=0 rowBytes=0 service=smithers
timestamp=2026-06-15T01:11:21.695Z level=INFO fiber=#628 message="getNodeOutput completed" runId=run-atlas durationMs=1.6670420000000377 nodeId=complete errorCode=NodeNotFound status=error iteration=0 rowBytes=0 service=smithers
timestamp=2026-06-15T01:11:21.722Z level=INFO fiber=#634 message="getNodeOutput completed" runId=run-atlas durationMs=1.5910839999999098 nodeId=complete errorCode=NodeNotFound status=error iteration=0 rowBytes=0 service=smithers
timestamp=2026-06-15T01:11:21.748Z level=INFO fiber=#640 message="getNodeOutput completed" runId=run-atlas durationMs=1.7073339999999462 nodeId=complete errorCode=NodeNotFound status=error iteration=0 rowBytes=0 service=smithers
timestamp=2026-06-15T01:11:21.777Z level=INFO fiber=#646 message="getNodeOutput completed" runId=run-atlas durationMs=1.7649160000000848 nodeId=complete errorCode=NodeNotFound status=error iteration=0 rowBytes=0 service=smithers
timestamp=2026-06-15T01:11:21.799Z level=INFO fiber=#652 message="getNodeOutput completed" runId=run-atlas durationMs=1.1610830000001897 nodeId=complete errorCode=NodeNotFound status=error iteration=0 rowBytes=0 service=smithers
timestamp=2026-06-15T01:11:21.822Z level=INFO fiber=#658 message="getNodeOutput completed" runId=run-atlas durationMs=1.5213329999999132 nodeId=complete errorCode=NodeNotFound status=error iteration=0 rowBytes=0 service=smithers
timestamp=2026-06-15T01:11:21.847Z level=INFO fiber=#664 message="getNodeOutput completed" runId=run-atlas durationMs=1.3387089999998807 nodeId=complete errorCode=NodeNotFound status=error iteration=0 rowBytes=0 service=smithers
timestamp=2026-06-15T01:11:21.876Z level=INFO fiber=#670 message="getNodeOutput completed" runId=run-atlas durationMs=1.5690830000000915 nodeId=complete errorCode=NodeNotFound status=error iteration=0 rowBytes=0 service=smithers
timestamp=2026-06-15T01:11:21.902Z level=INFO fiber=#676 message="getNodeOutput completed" runId=run-atlas durationMs=1.5162920000000213 nodeId=complete errorCode=NodeNotFound status=error iteration=0 rowBytes=0 service=smithers
timestamp=2026-06-15T01:11:21.929Z level=INFO fiber=#682 message="getNodeOutput completed" runId=run-atlas durationMs=1.2131669999998849 nodeId=complete errorCode=NodeNotFound status=error iteration=0 rowBytes=0 service=smithers
timestamp=2026-06-15T01:11:21.959Z level=INFO fiber=#688 message="getNodeOutput completed" runId=run-atlas durationMs=2.224834000000101 nodeId=complete errorCode=NodeNotFound status=error iteration=0 rowBytes=0 service=smithers
timestamp=2026-06-15T01:11:21.990Z level=INFO fiber=#694 message="getNodeOutput completed" runId=run-atlas durationMs=1.759457999999995 nodeId=complete errorCode=NodeNotFound status=error iteration=0 rowBytes=0 service=smithers
timestamp=2026-06-15T01:11:22.015Z level=INFO fiber=#700 message="getNodeOutput completed" runId=run-atlas durationMs=1.4379169999999704 nodeId=complete errorCode=NodeNotFound status=error iteration=0 rowBytes=0 service=smithers
timestamp=2026-06-15T01:11:22.043Z level=INFO fiber=#706 message="getNodeOutput completed" runId=run-atlas durationMs=1.4298750000000382 nodeId=complete errorCode=NodeNotFound status=error iteration=0 rowBytes=0 service=smithers
timestamp=2026-06-15T01:11:22.067Z level=INFO fiber=#712 message="getNodeOutput completed" runId=run-atlas durationMs=1.2468750000000455 nodeId=complete errorCode=NodeNotFound status=error iteration=0 rowBytes=0 service=smithers
timestamp=2026-06-15T01:11:22.096Z level=INFO fiber=#718 message="getNodeOutput completed" runId=run-atlas durationMs=2.1800000000000637 nodeId=complete errorCode=NodeNotFound status=error iteration=0 rowBytes=0 service=smithers
timestamp=2026-06-15T01:11:22.120Z level=INFO fiber=#724 message="getNodeOutput completed" runId=run-atlas durationMs=1.2144579999999223 nodeId=complete errorCode=NodeNotFound status=error iteration=0 rowBytes=0 service=smithers
timestamp=2026-06-15T01:11:22.144Z level=INFO fiber=#730 message="getNodeOutput completed" runId=run-atlas durationMs=0.9032500000002983 nodeId=complete errorCode=NodeNotFound status=error iteration=0 rowBytes=0 service=smithers
timestamp=2026-06-15T01:11:22.171Z level=INFO fiber=#736 message="getNodeOutput completed" runId=run-atlas durationMs=1.2067090000000462 nodeId=complete errorCode=NodeNotFound status=error iteration=0 rowBytes=0 service=smithers
timestamp=2026-06-15T01:11:22.197Z level=INFO fiber=#742 message="getNodeOutput completed" runId=run-atlas durationMs=1.0949580000001333 nodeId=complete errorCode=NodeNotFound status=error iteration=0 rowBytes=0 service=smithers
timestamp=2026-06-15T01:11:22.224Z level=INFO fiber=#748 message="getNodeOutput completed" runId=run-atlas durationMs=1.261916999999812 nodeId=complete errorCode=NodeNotFound status=error iteration=0 rowBytes=0 service=smithers
timestamp=2026-06-15T01:11:22.251Z level=INFO fiber=#754 message="getNodeOutput completed" runId=run-atlas durationMs=1.2548340000003009 nodeId=complete errorCode=NodeNotFound status=error iteration=0 rowBytes=0 service=smithers
timestamp=2026-06-15T01:11:22.279Z level=INFO fiber=#760 message="getNodeOutput completed" runId=run-atlas durationMs=1.2771250000000691 nodeId=complete errorCode=NodeNotFound status=error iteration=0 rowBytes=0 service=smithers
timestamp=2026-06-15T01:11:22.302Z level=INFO fiber=#766 message="getNodeOutput completed" runId=run-atlas durationMs=0.8289999999997235 nodeId=complete errorCode=NodeNotFound status=error iteration=0 rowBytes=0 service=smithers
timestamp=2026-06-15T01:11:22.328Z level=INFO fiber=#772 message="getNodeOutput completed" runId=run-atlas durationMs=1.1743329999999332 nodeId=complete errorCode=NodeNotFound status=error iteration=0 rowBytes=0 service=smithers
timestamp=2026-06-15T01:11:22.355Z level=INFO fiber=#778 message="getNodeOutput completed" runId=run-atlas durationMs=1.349917000000005 nodeId=complete errorCode=NodeNotFound status=error iteration=0 rowBytes=0 service=smithers
timestamp=2026-06-15T01:11:22.384Z level=INFO fiber=#784 message="getNodeOutput completed" runId=run-atlas durationMs=1.5447920000001432 nodeId=complete errorCode=NodeNotFound status=error iteration=0 rowBytes=0 service=smithers
timestamp=2026-06-15T01:11:22.412Z level=INFO fiber=#790 message="getNodeOutput completed" runId=run-atlas durationMs=1.648916999999983 nodeId=complete errorCode=NodeNotFound status=error iteration=0 rowBytes=0 service=smithers
timestamp=2026-06-15T01:11:22.438Z level=INFO fiber=#796 message="getNodeOutput completed" runId=run-atlas durationMs=1.6933340000000499 nodeId=complete errorCode=NodeNotFound status=error iteration=0 rowBytes=0 service=smithers
timestamp=2026-06-15T01:11:22.465Z level=INFO fiber=#802 message="getNodeOutput completed" runId=run-atlas durationMs=1.398417000000336 nodeId=complete errorCode=NodeNotFound status=error iteration=0 rowBytes=0 service=smithers
timestamp=2026-06-15T01:11:22.488Z level=INFO fiber=#808 message="getNodeOutput completed" runId=run-atlas durationMs=1.2923329999998714 nodeId=complete errorCode=NodeNotFound status=error iteration=0 rowBytes=0 service=smithers
timestamp=2026-06-15T01:11:22.515Z level=INFO fiber=#814 message="getNodeOutput completed" runId=run-atlas durationMs=1.8709170000001905 nodeId=complete errorCode=NodeNotFound status=error iteration=0 rowBytes=0 service=smithers
timestamp=2026-06-15T01:11:22.539Z level=INFO fiber=#820 message="getNodeOutput completed" runId=run-atlas durationMs=1.8349580000003698 nodeId=complete errorCode=NodeNotFound status=error iteration=0 rowBytes=0 service=smithers
timestamp=2026-06-15T01:11:22.566Z level=INFO fiber=#826 message="getNodeOutput completed" runId=run-atlas durationMs=1.947957999999744 nodeId=complete errorCode=NodeNotFound status=error iteration=0 rowBytes=0 service=smithers
timestamp=2026-06-15T01:11:22.595Z level=INFO fiber=#832 message="getNodeOutput completed" runId=run-atlas durationMs=1.6931660000000193 nodeId=complete errorCode=NodeNotFound status=error iteration=0 rowBytes=0 service=smithers
timestamp=2026-06-15T01:11:22.618Z level=INFO fiber=#838 message="getNodeOutput completed" runId=run-atlas durationMs=1.507916000000023 nodeId=complete errorCode=NodeNotFound status=error iteration=0 rowBytes=0 service=smithers
timestamp=2026-06-15T01:11:22.644Z level=INFO fiber=#844 message="getNodeOutput completed" runId=run-atlas durationMs=1.5923750000001746 nodeId=complete errorCode=NodeNotFound status=error iteration=0 rowBytes=0 service=smithers
timestamp=2026-06-15T01:11:22.668Z level=INFO fiber=#850 message="getNodeOutput completed" runId=run-atlas durationMs=1.3181670000003578 nodeId=complete errorCode=NodeNotFound status=error iteration=0 rowBytes=0 service=smithers
timestamp=2026-06-15T01:11:22.691Z level=INFO fiber=#856 message="getNodeOutput completed" runId=run-atlas durationMs=1.2797500000001492 nodeId=complete errorCode=NodeNotFound status=error iteration=0 rowBytes=0 service=smithers
timestamp=2026-06-15T01:11:22.717Z level=INFO fiber=#862 message="getNodeOutput completed" runId=run-atlas durationMs=1.4644579999999223 nodeId=complete errorCode=NodeNotFound status=error iteration=0 rowBytes=0 service=smithers
timestamp=2026-06-15T01:11:22.745Z level=INFO fiber=#868 message="getNodeOutput completed" runId=run-atlas durationMs=1.629667000000154 nodeId=complete errorCode=NodeNotFound status=error iteration=0 rowBytes=0 service=smithers
timestamp=2026-06-15T01:11:22.772Z level=INFO fiber=#874 message="getNodeOutput completed" runId=run-atlas durationMs=1.6548330000000533 nodeId=complete errorCode=NodeNotFound status=error iteration=0 rowBytes=0 service=smithers
timestamp=2026-06-15T01:11:22.798Z level=INFO fiber=#880 message="getNodeOutput completed" runId=run-atlas durationMs=1.4121660000000702 nodeId=complete errorCode=NodeNotFound status=error iteration=0 rowBytes=0 service=smithers
timestamp=2026-06-15T01:11:22.822Z level=INFO fiber=#886 message="getNodeOutput completed" runId=run-atlas durationMs=1.7487500000002 nodeId=complete errorCode=NodeNotFound status=error iteration=0 rowBytes=0 service=smithers
timestamp=2026-06-15T01:11:22.849Z level=INFO fiber=#892 message="getNodeOutput completed" runId=run-atlas durationMs=1.583958000000166 nodeId=complete errorCode=NodeNotFound status=error iteration=0 rowBytes=0 service=smithers
timestamp=2026-06-15T01:11:22.878Z level=INFO fiber=#898 message="getNodeOutput completed" runId=run-atlas durationMs=1.5301670000003469 nodeId=complete errorCode=NodeNotFound status=error iteration=0 rowBytes=0 service=smithers
timestamp=2026-06-15T01:11:22.905Z level=INFO fiber=#904 message="getNodeOutput completed" runId=run-atlas durationMs=1.5539170000001832 nodeId=complete errorCode=NodeNotFound status=error iteration=0 rowBytes=0 service=smithers
timestamp=2026-06-15T01:11:22.932Z level=INFO fiber=#910 message="getNodeOutput completed" runId=run-atlas durationMs=1.4652079999996204 nodeId=complete errorCode=NodeNotFound status=error iteration=0 rowBytes=0 service=smithers
timestamp=2026-06-15T01:11:22.960Z level=INFO fiber=#916 message="getNodeOutput completed" runId=run-atlas durationMs=1.4924580000001697 nodeId=complete errorCode=NodeNotFound status=error iteration=0 rowBytes=0 service=smithers
timestamp=2026-06-15T01:11:22.988Z level=INFO fiber=#922 message="getNodeOutput completed" runId=run-atlas durationMs=1.5621249999999236 nodeId=complete errorCode=NodeNotFound status=error iteration=0 rowBytes=0 service=smithers
timestamp=2026-06-15T01:11:23.014Z level=INFO fiber=#928 message="getNodeOutput completed" runId=run-atlas durationMs=2.0960419999996702 nodeId=complete errorCode=NodeNotFound status=error iteration=0 rowBytes=0 service=smithers
timestamp=2026-06-15T01:11:23.039Z level=INFO fiber=#934 message="getNodeOutput completed" runId=run-atlas durationMs=1.484375 nodeId=complete errorCode=NodeNotFound status=error iteration=0 rowBytes=0 service=smithers
timestamp=2026-06-15T01:11:23.068Z level=INFO fiber=#940 message="getNodeOutput completed" runId=run-atlas durationMs=1.523707999999715 nodeId=complete errorCode=NodeNotFound status=error iteration=0 rowBytes=0 service=smithers
timestamp=2026-06-15T01:11:23.095Z level=INFO fiber=#946 message="getNodeOutput completed" runId=run-atlas durationMs=1.3931250000000546 nodeId=complete errorCode=NodeNotFound status=error iteration=0 rowBytes=0 service=smithers
timestamp=2026-06-15T01:11:23.123Z level=INFO fiber=#952 message="getNodeOutput completed" runId=run-atlas durationMs=1.5481249999998 nodeId=complete errorCode=NodeNotFound status=error iteration=0 rowBytes=0 service=smithers
timestamp=2026-06-15T01:11:23.150Z level=INFO fiber=#958 message="getNodeOutput completed" runId=run-atlas durationMs=1.5904169999998885 nodeId=complete errorCode=NodeNotFound status=error iteration=0 rowBytes=0 service=smithers
timestamp=2026-06-15T01:11:23.176Z level=INFO fiber=#964 message="getNodeOutput completed" runId=run-atlas durationMs=1.3775829999999587 nodeId=complete errorCode=NodeNotFound status=error iteration=0 rowBytes=0 service=smithers
timestamp=2026-06-15T01:11:23.204Z level=INFO fiber=#970 message="getNodeOutput completed" runId=run-atlas durationMs=1.1827080000002752 nodeId=complete errorCode=NodeNotFound status=error iteration=0 rowBytes=0 service=smithers
timestamp=2026-06-15T01:11:23.230Z level=INFO fiber=#976 message="getNodeOutput completed" runId=run-atlas durationMs=1.4175000000000182 nodeId=complete errorCode=NodeNotFound status=error iteration=0 rowBytes=0 service=smithers
timestamp=2026-06-15T01:11:23.257Z level=INFO fiber=#982 message="getNodeOutput completed" runId=run-atlas durationMs=1.2603329999997186 nodeId=complete errorCode=NodeNotFound status=error iteration=0 rowBytes=0 service=smithers
timestamp=2026-06-15T01:11:23.282Z level=INFO fiber=#988 message="getNodeOutput completed" runId=run-atlas durationMs=1.268999999999778 nodeId=complete errorCode=NodeNotFound status=error iteration=0 rowBytes=0 service=smithers
timestamp=2026-06-15T01:11:23.310Z level=INFO fiber=#994 message="getNodeOutput completed" runId=run-atlas durationMs=1.2555409999999938 nodeId=complete errorCode=NodeNotFound status=error iteration=0 rowBytes=0 service=smithers
timestamp=2026-06-15T01:11:23.336Z level=INFO fiber=#1000 message="getNodeOutput completed" runId=run-atlas durationMs=1.125416000000314 nodeId=complete errorCode=NodeNotFound status=error iteration=0 rowBytes=0 service=smithers
timestamp=2026-06-15T01:11:23.362Z level=INFO fiber=#1006 message="getNodeOutput completed" runId=run-atlas durationMs=1.1246659999997064 nodeId=complete errorCode=NodeNotFound status=error iteration=0 rowBytes=0 service=smithers
timestamp=2026-06-15T01:11:23.388Z level=INFO fiber=#1012 message="getNodeOutput completed" runId=run-atlas durationMs=1.3425830000001042 nodeId=complete errorCode=NodeNotFound status=error iteration=0 rowBytes=0 service=smithers
timestamp=2026-06-15T01:11:23.415Z level=INFO fiber=#1018 message="getNodeOutput completed" runId=run-atlas durationMs=1.4934170000001359 nodeId=complete errorCode=NodeNotFound status=error iteration=0 rowBytes=0 service=smithers
timestamp=2026-06-15T01:11:23.442Z level=INFO fiber=#1024 message="getNodeOutput completed" runId=run-atlas durationMs=1.5317500000001019 nodeId=complete errorCode=NodeNotFound status=error iteration=0 rowBytes=0 service=smithers
timestamp=2026-06-15T01:11:23.468Z level=INFO fiber=#1030 message="getNodeOutput completed" runId=run-atlas durationMs=1.4383749999997235 nodeId=complete errorCode=NodeNotFound status=error iteration=0 rowBytes=0 service=smithers
timestamp=2026-06-15T01:11:23.496Z level=INFO fiber=#1036 message="getNodeOutput completed" runId=run-atlas durationMs=1.5176669999996193 nodeId=complete errorCode=NodeNotFound status=error iteration=0 rowBytes=0 service=smithers
timestamp=2026-06-15T01:11:23.520Z level=INFO fiber=#1042 message="getNodeOutput completed" runId=run-atlas durationMs=1.224833000000217 nodeId=complete errorCode=NodeNotFound status=error iteration=0 rowBytes=0 service=smithers
timestamp=2026-06-15T01:11:23.547Z level=INFO fiber=#1048 message="getNodeOutput completed" runId=run-atlas durationMs=1.849666999999954 nodeId=complete errorCode=NodeNotFound status=error iteration=0 rowBytes=0 service=smithers
timestamp=2026-06-15T01:11:23.576Z level=INFO fiber=#1054 message="getNodeOutput completed" runId=run-atlas durationMs=0.9986669999998412 nodeId=complete errorCode=NodeNotFound status=error iteration=0 rowBytes=0 service=smithers
timestamp=2026-06-15T01:11:23.600Z level=INFO fiber=#1060 message="getNodeOutput completed" runId=run-atlas durationMs=0.9960000000000946 nodeId=complete errorCode=NodeNotFound status=error iteration=0 rowBytes=0 service=smithers
timestamp=2026-06-15T01:11:23.626Z level=INFO fiber=#1066 message="getNodeOutput completed" runId=run-atlas durationMs=1.1472080000003189 nodeId=complete errorCode=NodeNotFound status=error iteration=0 rowBytes=0 service=smithers
timestamp=2026-06-15T01:11:23.654Z level=INFO fiber=#1072 message="getNodeOutput completed" runId=run-atlas durationMs=1.6217090000000098 nodeId=complete errorCode=NodeNotFound status=error iteration=0 rowBytes=0 service=smithers
timestamp=2026-06-15T01:11:23.677Z level=INFO fiber=#1080 message="getNodeOutput completed" runId=run-atlas durationMs=1.1574580000001333 nodeId=complete errorCode=NodeNotFound status=error iteration=0 rowBytes=0 service=smithers
timestamp=2026-06-15T01:11:23.704Z level=INFO fiber=#1086 message="getNodeOutput completed" runId=run-atlas durationMs=1.5238749999998618 nodeId=complete errorCode=NodeNotFound status=error iteration=0 rowBytes=0 service=smithers
timestamp=2026-06-15T01:11:23.732Z level=INFO fiber=#1092 message="getNodeOutput completed" runId=run-atlas durationMs=1.464292000000114 nodeId=complete errorCode=NodeNotFound status=error iteration=0 rowBytes=0 service=smithers
timestamp=2026-06-15T01:11:23.755Z level=INFO fiber=#1098 message="getNodeOutput completed" runId=run-atlas durationMs=1.2528339999998934 nodeId=complete errorCode=NodeNotFound status=error iteration=0 rowBytes=0 service=smithers
timestamp=2026-06-15T01:11:23.780Z level=INFO fiber=#1104 message="getNodeOutput completed" runId=run-atlas durationMs=1.3582920000003469 nodeId=complete errorCode=NodeNotFound status=error iteration=0 rowBytes=0 service=smithers
timestamp=2026-06-15T01:11:23.805Z level=INFO fiber=#1110 message="getNodeOutput completed" runId=run-atlas durationMs=1.3234999999999673 nodeId=complete errorCode=NodeNotFound status=error iteration=0 rowBytes=0 service=smithers
timestamp=2026-06-15T01:11:23.831Z level=INFO fiber=#1116 message="getNodeOutput completed" runId=run-atlas durationMs=1.4279999999998836 nodeId=complete errorCode=NodeNotFound status=error iteration=0 rowBytes=0 service=smithers
timestamp=2026-06-15T01:11:23.859Z level=INFO fiber=#1122 message="getNodeOutput completed" runId=run-atlas durationMs=1.3975000000000364 nodeId=complete errorCode=NodeNotFound status=error iteration=0 rowBytes=0 service=smithers
timestamp=2026-06-15T01:11:23.881Z level=INFO fiber=#1128 message="getNodeOutput completed" runId=run-atlas durationMs=1.2448749999998654 nodeId=complete errorCode=NodeNotFound status=error iteration=0 rowBytes=0 service=smithers
timestamp=2026-06-15T01:11:23.905Z level=INFO fiber=#1134 message="getNodeOutput completed" runId=run-atlas durationMs=1.5929589999996097 nodeId=complete errorCode=NodeNotFound status=error iteration=0 rowBytes=0 service=smithers
timestamp=2026-06-15T01:11:23.929Z level=INFO fiber=#1140 message="getNodeOutput completed" runId=run-atlas durationMs=1.6142079999999623 nodeId=complete errorCode=NodeNotFound status=error iteration=0 rowBytes=0 service=smithers
timestamp=2026-06-15T01:11:23.956Z level=INFO fiber=#1146 message="getNodeOutput completed" runId=run-atlas durationMs=1.375583000000006 nodeId=complete errorCode=NodeNotFound status=error iteration=0 rowBytes=0 service=smithers
timestamp=2026-06-15T01:11:23.984Z level=INFO fiber=#1152 message="getNodeOutput completed" runId=run-atlas durationMs=1.31966599999987 nodeId=complete errorCode=NodeNotFound status=error iteration=0 rowBytes=0 service=smithers
timestamp=2026-06-15T01:11:24.008Z level=INFO fiber=#1158 message="getNodeOutput completed" runId=run-atlas durationMs=1.4462909999997464 nodeId=complete errorCode=NodeNotFound status=error iteration=0 rowBytes=0 service=smithers
timestamp=2026-06-15T01:11:24.034Z level=INFO fiber=#1164 message="getNodeOutput completed" runId=run-atlas durationMs=1.4497910000000047 nodeId=complete errorCode=NodeNotFound status=error iteration=0 rowBytes=0 service=smithers
timestamp=2026-06-15T01:11:24.061Z level=INFO fiber=#1170 message="getNodeOutput completed" runId=run-atlas durationMs=1.5053750000001855 nodeId=complete errorCode=NodeNotFound status=error iteration=0 rowBytes=0 service=smithers
timestamp=2026-06-15T01:11:24.087Z level=INFO fiber=#1176 message="getNodeOutput completed" runId=run-atlas durationMs=1.587582999999995 nodeId=complete errorCode=NodeNotFound status=error iteration=0 rowBytes=0 service=smithers
timestamp=2026-06-15T01:11:24.113Z level=INFO fiber=#1182 message="getNodeOutput completed" runId=run-atlas durationMs=1.6380840000001626 nodeId=complete errorCode=NodeNotFound status=error iteration=0 rowBytes=0 service=smithers
timestamp=2026-06-15T01:11:24.142Z level=INFO fiber=#1188 message="getNodeOutput completed" runId=run-atlas durationMs=1.6155830000002425 nodeId=complete errorCode=NodeNotFound status=error iteration=0 rowBytes=0 service=smithers
timestamp=2026-06-15T01:11:24.166Z level=INFO fiber=#1194 message="getNodeOutput completed" runId=run-atlas durationMs=1.4076249999998254 nodeId=complete errorCode=NodeNotFound status=error iteration=0 rowBytes=0 service=smithers
timestamp=2026-06-15T01:11:24.189Z level=INFO fiber=#1200 message="getNodeOutput completed" runId=run-atlas durationMs=1.5062500000003638 nodeId=complete errorCode=NodeNotFound status=error iteration=0 rowBytes=0 service=smithers
timestamp=2026-06-15T01:11:24.215Z level=INFO fiber=#1206 message="getNodeOutput completed" runId=run-atlas durationMs=1.388833999999406 nodeId=complete errorCode=NodeNotFound status=error iteration=0 rowBytes=0 service=smithers
timestamp=2026-06-15T01:11:24.243Z level=INFO fiber=#1212 message="getNodeOutput completed" runId=run-atlas durationMs=1.5161669999997684 nodeId=complete errorCode=NodeNotFound status=error iteration=0 rowBytes=0 service=smithers
timestamp=2026-06-15T01:11:24.266Z level=INFO fiber=#1218 message="getNodeOutput completed" runId=run-atlas durationMs=1.048083000000588 nodeId=complete errorCode=NodeNotFound status=error iteration=0 rowBytes=0 service=smithers
timestamp=2026-06-15T01:11:24.290Z level=INFO fiber=#1224 message="getNodeOutput completed" runId=run-atlas durationMs=1.0244170000005397 nodeId=complete errorCode=NodeNotFound status=error iteration=0 rowBytes=0 service=smithers
timestamp=2026-06-15T01:11:24.318Z level=INFO fiber=#1230 message="getNodeOutput completed" runId=run-atlas durationMs=1.937832999999955 nodeId=complete errorCode=NodeNotFound status=error iteration=0 rowBytes=0 service=smithers
timestamp=2026-06-15T01:11:24.344Z level=INFO fiber=#1236 message="getNodeOutput completed" runId=run-atlas durationMs=1.2267919999994774 nodeId=complete errorCode=NodeNotFound status=error iteration=0 rowBytes=0 service=smithers
timestamp=2026-06-15T01:11:24.371Z level=INFO fiber=#1242 message="getNodeOutput completed" runId=run-atlas durationMs=1.075749999999971 nodeId=complete errorCode=NodeNotFound status=error iteration=0 rowBytes=0 service=smithers
timestamp=2026-06-15T01:11:24.397Z level=INFO fiber=#1248 message="getNodeOutput completed" runId=run-atlas durationMs=1.1609580000003916 nodeId=complete errorCode=NodeNotFound status=error iteration=0 rowBytes=0 service=smithers
timestamp=2026-06-15T01:11:24.422Z level=INFO fiber=#1254 message="getNodeOutput completed" runId=run-atlas durationMs=1.2455829999998969 nodeId=complete errorCode=NodeNotFound status=error iteration=0 rowBytes=0 service=smithers
timestamp=2026-06-15T01:11:24.447Z level=INFO fiber=#1260 message="getNodeOutput completed" runId=run-atlas durationMs=1.1373340000000098 nodeId=complete errorCode=NodeNotFound status=error iteration=0 rowBytes=0 service=smithers
timestamp=2026-06-15T01:11:24.474Z level=INFO fiber=#1266 message="getNodeOutput completed" runId=run-atlas durationMs=1.383375000000342 nodeId=complete errorCode=NodeNotFound status=error iteration=0 rowBytes=0 service=smithers
timestamp=2026-06-15T01:11:24.497Z level=INFO fiber=#1272 message="getNodeOutput completed" runId=run-atlas durationMs=1.1657500000001164 nodeId=complete errorCode=NodeNotFound status=error iteration=0 rowBytes=0 service=smithers
timestamp=2026-06-15T01:11:24.522Z level=INFO fiber=#1278 message="getNodeOutput completed" runId=run-atlas durationMs=1.4216660000001866 nodeId=complete errorCode=NodeNotFound status=error iteration=0 rowBytes=0 service=smithers
timestamp=2026-06-15T01:11:24.548Z level=INFO fiber=#1284 message="getNodeOutput completed" runId=run-atlas durationMs=1.4617080000007263 nodeId=complete errorCode=NodeNotFound status=error iteration=0 rowBytes=0 service=smithers
timestamp=2026-06-15T01:11:24.576Z level=INFO fiber=#1290 message="getNodeOutput completed" runId=run-atlas durationMs=1.533542000000125 nodeId=complete errorCode=NodeNotFound status=error iteration=0 rowBytes=0 service=smithers
timestamp=2026-06-15T01:11:24.604Z level=INFO fiber=#1296 message="getNodeOutput completed" runId=run-atlas durationMs=1.4697089999999662 nodeId=complete errorCode=NodeNotFound status=error iteration=0 rowBytes=0 service=smithers
timestamp=2026-06-15T01:11:24.630Z level=INFO fiber=#1302 message="getNodeOutput completed" runId=run-atlas durationMs=1.348957999999584 nodeId=complete errorCode=NodeNotFound status=error iteration=0 rowBytes=0 service=smithers
timestamp=2026-06-15T01:11:24.656Z level=INFO fiber=#1308 message="getNodeOutput completed" runId=run-atlas durationMs=1.6424580000002607 nodeId=complete errorCode=NodeNotFound status=error iteration=0 rowBytes=0 service=smithers
timestamp=2026-06-15T01:11:24.684Z level=INFO fiber=#1314 message="getNodeOutput completed" runId=run-atlas durationMs=1.3546249999999418 nodeId=complete errorCode=NodeNotFound status=error iteration=0 rowBytes=0 service=smithers
timestamp=2026-06-15T01:11:24.711Z level=INFO fiber=#1320 message="getNodeOutput completed" runId=run-atlas durationMs=1.5263749999994616 nodeId=complete errorCode=NodeNotFound status=error iteration=0 rowBytes=0 service=smithers
timestamp=2026-06-15T01:11:24.738Z level=INFO fiber=#1326 message="getNodeOutput completed" runId=run-atlas durationMs=1.4174169999996593 nodeId=complete errorCode=NodeNotFound status=error iteration=0 rowBytes=0 service=smithers
timestamp=2026-06-15T01:11:24.766Z level=INFO fiber=#1332 message="getNodeOutput completed" runId=run-atlas durationMs=1.3369590000002063 nodeId=complete errorCode=NodeNotFound status=error iteration=0 rowBytes=0 service=smithers
timestamp=2026-06-15T01:11:24.789Z level=INFO fiber=#1338 message="getNodeOutput completed" runId=run-atlas durationMs=1.4205000000001746 nodeId=complete errorCode=NodeNotFound status=error iteration=0 rowBytes=0 service=smithers
timestamp=2026-06-15T01:11:24.814Z level=INFO fiber=#1344 message="getNodeOutput completed" runId=run-atlas durationMs=1.3820409999998446 nodeId=complete errorCode=NodeNotFound status=error iteration=0 rowBytes=0 service=smithers
timestamp=2026-06-15T01:11:24.839Z level=INFO fiber=#1350 message="getNodeOutput completed" runId=run-atlas durationMs=1.5039580000002388 nodeId=complete errorCode=NodeNotFound status=error iteration=0 rowBytes=0 service=smithers
timestamp=2026-06-15T01:11:24.864Z level=INFO fiber=#1356 message="getNodeOutput completed" runId=run-atlas durationMs=1.437542000000576 nodeId=complete errorCode=NodeNotFound status=error iteration=0 rowBytes=0 service=smithers
timestamp=2026-06-15T01:11:24.891Z level=INFO fiber=#1362 message="getNodeOutput completed" runId=run-atlas durationMs=1.8260419999996884 nodeId=complete errorCode=NodeNotFound status=error iteration=0 rowBytes=0 service=smithers
timestamp=2026-06-15T01:11:24.919Z level=INFO fiber=#1368 message="getNodeOutput completed" runId=run-atlas durationMs=1.398417000000336 nodeId=complete errorCode=NodeNotFound status=error iteration=0 rowBytes=0 service=smithers
timestamp=2026-06-15T01:11:24.945Z level=INFO fiber=#1374 message="getNodeOutput completed" runId=run-atlas durationMs=1.2905839999993987 nodeId=complete errorCode=NodeNotFound status=error iteration=0 rowBytes=0 service=smithers
timestamp=2026-06-15T01:11:24.971Z level=INFO fiber=#1380 message="getNodeOutput completed" runId=run-atlas durationMs=1.2030000000004293 nodeId=complete errorCode=NodeNotFound status=error iteration=0 rowBytes=0 service=smithers
timestamp=2026-06-15T01:11:24.997Z level=INFO fiber=#1386 message="getNodeOutput completed" runId=run-atlas durationMs=1.6425000000008367 nodeId=complete errorCode=NodeNotFound status=error iteration=0 rowBytes=0 service=smithers
timestamp=2026-06-15T01:11:25.022Z level=INFO fiber=#1392 message="getNodeOutput completed" runId=run-atlas durationMs=1.4620420000001104 nodeId=complete errorCode=NodeNotFound status=error iteration=0 rowBytes=0 service=smithers
timestamp=2026-06-15T01:11:25.048Z level=INFO fiber=#1398 message="getNodeOutput completed" runId=run-atlas durationMs=1.4023339999994278 nodeId=complete errorCode=NodeNotFound status=error iteration=0 rowBytes=0 service=smithers
timestamp=2026-06-15T01:11:25.075Z level=INFO fiber=#1404 message="getNodeOutput completed" runId=run-atlas durationMs=1.526375000000371 nodeId=complete errorCode=NodeNotFound status=error iteration=0 rowBytes=0 service=smithers
timestamp=2026-06-15T01:11:25.097Z level=INFO fiber=#1410 message="getNodeOutput completed" runId=run-atlas durationMs=1.1694589999997334 nodeId=complete errorCode=NodeNotFound status=error iteration=0 rowBytes=0 service=smithers
timestamp=2026-06-15T01:11:25.122Z level=INFO fiber=#1416 message="getNodeOutput completed" runId=run-atlas durationMs=1.4942080000000715 nodeId=complete errorCode=NodeNotFound status=error iteration=0 rowBytes=0 service=smithers
timestamp=2026-06-15T01:11:25.149Z level=INFO fiber=#1422 message="getNodeOutput completed" runId=run-atlas durationMs=1.81195900000057 nodeId=complete errorCode=NodeNotFound status=error iteration=0 rowBytes=0 service=smithers
timestamp=2026-06-15T01:11:25.175Z level=INFO fiber=#1428 message="getNodeOutput completed" runId=run-atlas durationMs=0.8137919999999212 nodeId=complete errorCode=NodeNotFound status=error iteration=0 rowBytes=0 service=smithers
timestamp=2026-06-15T01:11:25.200Z level=INFO fiber=#1434 message="getNodeOutput completed" runId=run-atlas durationMs=0.6176249999998618 nodeId=complete errorCode=NodeNotFound status=error iteration=0 rowBytes=0 service=smithers
timestamp=2026-06-15T01:11:25.222Z level=INFO fiber=#1440 message="getNodeOutput completed" runId=run-atlas durationMs=1.093416000000616 nodeId=complete errorCode=NodeNotFound status=error iteration=0 rowBytes=0 service=smithers
timestamp=2026-06-15T01:11:25.246Z level=INFO fiber=#1446 message="getNodeOutput completed" runId=run-atlas durationMs=1.129374999999527 nodeId=complete errorCode=NodeNotFound status=error iteration=0 rowBytes=0 service=smithers
timestamp=2026-06-15T01:11:25.274Z level=INFO fiber=#1452 message="getNodeOutput completed" runId=run-atlas durationMs=1.1835409999994226 nodeId=complete errorCode=NodeNotFound status=error iteration=0 rowBytes=0 service=smithers
timestamp=2026-06-15T01:11:25.296Z level=INFO fiber=#1458 message="getNodeOutput completed" runId=run-atlas durationMs=1.2024580000006608 nodeId=complete errorCode=NodeNotFound status=error iteration=0 rowBytes=0 service=smithers
timestamp=2026-06-15T01:11:25.321Z level=INFO fiber=#1464 message="getNodeOutput completed" runId=run-atlas durationMs=1.1199169999999867 nodeId=complete errorCode=NodeNotFound status=error iteration=0 rowBytes=0 service=smithers
timestamp=2026-06-15T01:11:25.347Z level=INFO fiber=#1470 message="getNodeOutput completed" runId=run-atlas durationMs=1.447041999999783 nodeId=complete errorCode=NodeNotFound status=error iteration=0 rowBytes=0 service=smithers
timestamp=2026-06-15T01:11:25.375Z level=INFO fiber=#1476 message="getNodeOutput completed" runId=run-atlas durationMs=1.0112920000001395 nodeId=complete errorCode=NodeNotFound status=error iteration=0 rowBytes=0 service=smithers
timestamp=2026-06-15T01:11:25.397Z level=INFO fiber=#1482 message="getNodeOutput completed" runId=run-atlas durationMs=1.293749999999818 nodeId=complete errorCode=NodeNotFound status=error iteration=0 rowBytes=0 service=smithers
timestamp=2026-06-15T01:11:25.421Z level=INFO fiber=#1488 message="getNodeOutput completed" runId=run-atlas durationMs=1.1329169999999067 nodeId=complete errorCode=NodeNotFound status=error iteration=0 rowBytes=0 service=smithers
timestamp=2026-06-15T01:11:25.446Z level=INFO fiber=#1494 message="getNodeOutput completed" runId=run-atlas durationMs=0.6699170000001686 nodeId=complete errorCode=NodeNotFound status=error iteration=0 rowBytes=0 service=smithers
timestamp=2026-06-15T01:11:25.472Z level=INFO fiber=#1500 message="getNodeOutput completed" runId=run-atlas durationMs=1.1537500000004002 nodeId=complete errorCode=NodeNotFound status=error iteration=0 rowBytes=0 service=smithers
timestamp=2026-06-15T01:11:25.496Z level=INFO fiber=#1506 message="getNodeOutput completed" runId=run-atlas durationMs=1.1587090000002718 nodeId=complete errorCode=NodeNotFound status=error iteration=0 rowBytes=0 service=smithers
timestamp=2026-06-15T01:11:25.522Z level=INFO fiber=#1512 message="getNodeOutput completed" runId=run-atlas durationMs=1.199916999999914 nodeId=complete errorCode=NodeNotFound status=error iteration=0 rowBytes=0 service=smithers
timestamp=2026-06-15T01:11:25.547Z level=INFO fiber=#1518 message="getNodeOutput completed" runId=run-atlas durationMs=1.1552499999997963 nodeId=complete errorCode=NodeNotFound status=error iteration=0 rowBytes=0 service=smithers
timestamp=2026-06-15T01:11:25.573Z level=INFO fiber=#1524 message="getNodeOutput completed" runId=run-atlas durationMs=1.5434999999997672 nodeId=complete errorCode=NodeNotFound status=error iteration=0 rowBytes=0 service=smithers
timestamp=2026-06-15T01:11:25.600Z level=INFO fiber=#1530 message="getNodeOutput completed" runId=run-atlas durationMs=1.307875000000422 nodeId=complete errorCode=NodeNotFound status=error iteration=0 rowBytes=0 service=smithers
timestamp=2026-06-15T01:11:25.624Z level=INFO fiber=#1536 message="getNodeOutput completed" runId=run-atlas durationMs=1.2522500000004584 nodeId=complete errorCode=NodeNotFound status=error iteration=0 rowBytes=0 service=smithers
timestamp=2026-06-15T01:11:25.653Z level=INFO fiber=#1542 message="getNodeOutput completed" runId=run-atlas durationMs=1.4460840000001554 nodeId=complete errorCode=NodeNotFound status=error iteration=0 rowBytes=0 service=smithers
timestamp=2026-06-15T01:11:25.677Z level=INFO fiber=#1548 message="getNodeOutput completed" runId=run-atlas durationMs=1.5067919999992228 nodeId=complete errorCode=NodeNotFound status=error iteration=0 rowBytes=0 service=smithers
timestamp=2026-06-15T01:11:25.705Z level=INFO fiber=#1554 message="getNodeOutput completed" runId=run-atlas durationMs=1.5178329999998823 nodeId=complete errorCode=NodeNotFound status=error iteration=0 rowBytes=0 service=smithers
timestamp=2026-06-15T01:11:25.733Z level=INFO fiber=#1560 message="getNodeOutput completed" runId=run-atlas durationMs=1.4982920000002196 nodeId=complete errorCode=NodeNotFound status=error iteration=0 rowBytes=0 service=smithers
timestamp=2026-06-15T01:11:25.760Z level=INFO fiber=#1566 message="getNodeOutput completed" runId=run-atlas durationMs=1.591457999999875 nodeId=complete errorCode=NodeNotFound status=error iteration=0 rowBytes=0 service=smithers
timestamp=2026-06-15T01:11:25.789Z level=INFO fiber=#1572 message="getNodeOutput completed" runId=run-atlas durationMs=1.6555410000000848 nodeId=complete errorCode=NodeNotFound status=error iteration=0 rowBytes=0 service=smithers
313 |     if (latest.ok && latest.payload.status === "produced") {
314 |       return latest.payload;
315 |     }
316 |     await sleep(20);
317 |   }
318 |   throw new Error(`Timed out waiting for ${runId}/${nodeId}; latest=${JSON.stringify(latest)}`);
                  ^
error: Timed out waiting for run-atlas/complete; latest={"type":"res","id":"getNodeOutput:5f3b7597-a549-4fc8-b8e8-1540b60748e4","ok":false,"apiVersion":"v1","error":{"version":"v1","code":"NodeNotFound","message":"Node not found: complete"}}
      at waitForNodeOutput (/Users/williamcory/vibecode-room/.smithers/workflows/.smithers/wt/cue-smithers-seam-dispatcher/test/e2e/fleet.e2e.ts:318:13)
      at async <anonymous> (/Users/williamcory/vibecode-room/.smithers/workflows/.smithers/wt/cue-smithers-seam-dispatcher/test/e2e/fleet.e2e.ts:63:35)
(fail) seam durability recovery e2e > seam steering and per-process pause stay isolated across two durable runs [5285.49ms]

 0 pass
 1 filtered out
 1 fail
Ran 1 test across 1 file. [5.76s]
exit=1
