bun test v1.3.14 (0d9b296a)

src/seam/seam.test.ts:
69 |     const elapsedMs = performance.now() - startedAt;
70 |     const status = dispatcher.dispatch({ type: "status", targetUPID: null, payload: {}, correlationId: "corr-status" });
71 | 
72 |     expect(accepted.accepted).toBe(true);
73 |     expect(status.accepted).toBe(true);
74 |     expect(elapsedMs).toBeLessThan(100);
                           ^
error: expect(received).toBeLessThan(expected)

Expected: < 100
Received: 252.591583

      at <anonymous> (/Users/williamcory/vibecode-room/.smithers/workflows/.smithers/wt/cue-smithers-seam-dispatcher/src/seam/seam.test.ts:74:23)
(fail) Cue Smithers seam dispatcher > async-dispatch returns immediately while a slow Smithers spawn is still pending [253.88ms]

 0 pass
 4 filtered out
 1 fail
 3 expect() calls
Ran 1 test across 1 file. [296.00ms]

exit_code=1
