bun test v1.3.14 (0d9b296a)

src/seam/seam.test.ts:
120 |     const status = await app.request("/status");
121 |     const statusPayload = await status.json();
122 | 
123 |     expect(response.status).toBe(202);
124 |     expect(payload.accepted).toBe(true);
125 |     expect(payload.statusSummary).toBe("Atlas active");
                                        ^
error: expect(received).toBe(expected)

Expected: "Atlas active"
Received: "Status requested."

      at <anonymous> (/Users/williamcory/vibecode-room/.smithers/workflows/.smithers/wt/cue-smithers-seam-dispatcher/src/seam/seam.test.ts:125:35)
(fail) Cue Smithers seam dispatcher > Hono HTTP dispatcher accepts DispatchedAction payloads and status remains <=15 words [5.72ms]

 0 pass
 5 filtered out
 1 fail
 3 expect() calls
Ran 1 test across 1 file. [42.00ms]
exit=1
